INFO [2024-01-02 20:24:38] [[1]]
INFO [2024-01-02 20:24:38] mfr.active
INFO [2024-01-02 20:24:38] 
INFO [2024-01-02 20:24:38] [[2]]
INFO [2024-01-02 20:24:38] [1] "figures/Fig2B_Overlap_MFR_sel_active.png"
INFO [2024-01-02 20:24:38] 
INFO [2024-01-02 20:24:38] $main
INFO [2024-01-02 20:24:38] [1] "Overlap of MFR active in acute and dev (MC + SC)"
INFO [2024-01-02 20:24:38] 
INFO [2024-01-02 20:24:38] $main.pos
INFO [2024-01-02 20:24:38] c(0.5, 0.8)
INFO [2024-01-02 20:24:38] 
INFO [2024-01-02 20:24:38] $main.just
INFO [2024-01-02 20:24:38] c(0.5, 1)
INFO [2024-01-02 20:24:38] 
INFO [2024-01-02 20:24:38] $main.cex
INFO [2024-01-02 20:24:38] [1] 1.5
INFO [2024-01-02 20:24:38] 
INFO [2024-01-02 20:24:38] $fill
INFO [2024-01-02 20:24:38] c("slateblue", "darkred")
INFO [2024-01-02 20:24:38] 
INFO [2024-01-02 20:24:38] $cat.cex
INFO [2024-01-02 20:24:38] c(1.5)
INFO [2024-01-02 20:24:38] 
INFO [2024-01-02 20:24:38] $main.fontface
INFO [2024-01-02 20:24:38] [1] "bold"
INFO [2024-01-02 20:24:38] 
INFO [2024-01-02 20:24:38] $alpha
INFO [2024-01-02 20:24:38] c(0.5, 0.5)
INFO [2024-01-02 20:24:38] 
INFO [2024-01-02 20:24:38] $margin
INFO [2024-01-02 20:24:38] [1] 0.2
INFO [2024-01-02 20:24:38] 
INFO [2024-01-02 20:24:38] $cat.pos
INFO [2024-01-02 20:24:38] c(315, 45)
INFO [2024-01-02 20:24:38] 
INFO [2024-01-02 20:24:38] $cat.dist
INFO [2024-01-02 20:24:38] c(0.03, 0.03)
INFO [2024-01-02 20:24:38] 
INFO [2024-01-02 20:24:38] $output
INFO [2024-01-02 20:24:38] [1] TRUE
INFO [2024-01-02 20:24:38] 
INFO [2024-01-02 20:24:38] $height
INFO [2024-01-02 20:24:38] [1] 2500
INFO [2024-01-02 20:24:38] 
INFO [2024-01-02 20:24:38] $width
INFO [2024-01-02 20:24:38] [1] 2500
INFO [2024-01-02 20:24:38] 
INFO [2024-01-02 20:24:38] $scaled
INFO [2024-01-02 20:24:38] [1] TRUE
INFO [2024-01-02 20:24:38] 
INFO [2024-01-02 20:24:38] $lwd
INFO [2024-01-02 20:24:38] [1] 4
INFO [2024-01-02 20:24:38] 
