INFO [2024-01-02 20:43:20] [[1]]
INFO [2024-01-02 20:43:20] mfr.active
INFO [2024-01-02 20:43:20] 
INFO [2024-01-02 20:43:20] [[2]]
INFO [2024-01-02 20:43:20] [1] "figures/Fig2B_Overlap_MFR_sel_active.png"
INFO [2024-01-02 20:43:20] 
INFO [2024-01-02 20:43:20] $main
INFO [2024-01-02 20:43:20] [1] "Overlap of MFR active in acute and dev (MC + SC)"
INFO [2024-01-02 20:43:20] 
INFO [2024-01-02 20:43:20] $main.pos
INFO [2024-01-02 20:43:20] c(0.5, 0.8)
INFO [2024-01-02 20:43:20] 
INFO [2024-01-02 20:43:20] $main.just
INFO [2024-01-02 20:43:20] c(0.5, 1)
INFO [2024-01-02 20:43:20] 
INFO [2024-01-02 20:43:20] $main.cex
INFO [2024-01-02 20:43:20] [1] 1.5
INFO [2024-01-02 20:43:20] 
INFO [2024-01-02 20:43:20] $fill
INFO [2024-01-02 20:43:20] c("slateblue", "darkred")
INFO [2024-01-02 20:43:20] 
INFO [2024-01-02 20:43:20] $cat.cex
INFO [2024-01-02 20:43:20] c(1.5)
INFO [2024-01-02 20:43:20] 
INFO [2024-01-02 20:43:20] $main.fontface
INFO [2024-01-02 20:43:20] [1] "bold"
INFO [2024-01-02 20:43:20] 
INFO [2024-01-02 20:43:20] $alpha
INFO [2024-01-02 20:43:20] c(0.5, 0.5)
INFO [2024-01-02 20:43:20] 
INFO [2024-01-02 20:43:20] $margin
INFO [2024-01-02 20:43:20] [1] 0.2
INFO [2024-01-02 20:43:20] 
INFO [2024-01-02 20:43:20] $cat.pos
INFO [2024-01-02 20:43:20] c(315, 45)
INFO [2024-01-02 20:43:20] 
INFO [2024-01-02 20:43:20] $cat.dist
INFO [2024-01-02 20:43:20] c(0.03, 0.03)
INFO [2024-01-02 20:43:20] 
INFO [2024-01-02 20:43:20] $output
INFO [2024-01-02 20:43:20] [1] TRUE
INFO [2024-01-02 20:43:20] 
INFO [2024-01-02 20:43:20] $height
INFO [2024-01-02 20:43:20] [1] 2500
INFO [2024-01-02 20:43:20] 
INFO [2024-01-02 20:43:20] $width
INFO [2024-01-02 20:43:20] [1] 2500
INFO [2024-01-02 20:43:20] 
INFO [2024-01-02 20:43:20] $scaled
INFO [2024-01-02 20:43:20] [1] TRUE
INFO [2024-01-02 20:43:20] 
INFO [2024-01-02 20:43:20] $lwd
INFO [2024-01-02 20:43:20] [1] 4
INFO [2024-01-02 20:43:20] 
