INFO [2024-01-02 20:35:54] [[1]]
INFO [2024-01-02 20:35:54] all.aenm.active
INFO [2024-01-02 20:35:54] 
INFO [2024-01-02 20:35:54] [[2]]
INFO [2024-01-02 20:35:54] [1] "figures/Fig2C_overlap_all_MEA_aenm_active.png"
INFO [2024-01-02 20:35:54] 
INFO [2024-01-02 20:35:54] $main
INFO [2024-01-02 20:35:54] [1] "Overlap of MFR active in acute and dev (MC + SC)"
INFO [2024-01-02 20:35:54] 
INFO [2024-01-02 20:35:54] $main.pos
INFO [2024-01-02 20:35:54] c(0.5, 0.8)
INFO [2024-01-02 20:35:54] 
INFO [2024-01-02 20:35:54] $main.just
INFO [2024-01-02 20:35:54] c(0.5, 1)
INFO [2024-01-02 20:35:54] 
INFO [2024-01-02 20:35:54] $main.cex
INFO [2024-01-02 20:35:54] [1] 1.5
INFO [2024-01-02 20:35:54] 
INFO [2024-01-02 20:35:54] $fill
INFO [2024-01-02 20:35:54] c("slateblue", "darkred")
INFO [2024-01-02 20:35:54] 
INFO [2024-01-02 20:35:54] $cat.cex
INFO [2024-01-02 20:35:54] c(1.5)
INFO [2024-01-02 20:35:54] 
INFO [2024-01-02 20:35:54] $main.fontface
INFO [2024-01-02 20:35:54] [1] "bold"
INFO [2024-01-02 20:35:54] 
INFO [2024-01-02 20:35:54] $alpha
INFO [2024-01-02 20:35:54] c(0.5, 0.5)
INFO [2024-01-02 20:35:54] 
INFO [2024-01-02 20:35:54] $margin
INFO [2024-01-02 20:35:54] [1] 0.2
INFO [2024-01-02 20:35:54] 
INFO [2024-01-02 20:35:54] $cat.pos
INFO [2024-01-02 20:35:54] c(315, 45)
INFO [2024-01-02 20:35:54] 
INFO [2024-01-02 20:35:54] $cat.dist
INFO [2024-01-02 20:35:54] c(0.03, 0.03)
INFO [2024-01-02 20:35:54] 
INFO [2024-01-02 20:35:54] $output
INFO [2024-01-02 20:35:54] [1] TRUE
INFO [2024-01-02 20:35:54] 
INFO [2024-01-02 20:35:54] $height
INFO [2024-01-02 20:35:54] [1] 2500
INFO [2024-01-02 20:35:54] 
INFO [2024-01-02 20:35:54] $width
INFO [2024-01-02 20:35:54] [1] 2500
INFO [2024-01-02 20:35:54] 
INFO [2024-01-02 20:35:54] $scaled
INFO [2024-01-02 20:35:54] [1] TRUE
INFO [2024-01-02 20:35:54] 
INFO [2024-01-02 20:35:54] $lwd
INFO [2024-01-02 20:35:54] [1] 4
INFO [2024-01-02 20:35:54] 
