INFO [2024-01-02 20:30:53] [[1]]
INFO [2024-01-02 20:30:53] all.aenm.active
INFO [2024-01-02 20:30:53] 
INFO [2024-01-02 20:30:53] [[2]]
INFO [2024-01-02 20:30:53] [1] "figures/Fig2C_overlap_all_MEA_aenm_active.png"
INFO [2024-01-02 20:30:53] 
INFO [2024-01-02 20:30:53] $main
INFO [2024-01-02 20:30:53] [1] "Overlap of MFR active in acute and dev (MC + SC)"
INFO [2024-01-02 20:30:53] 
INFO [2024-01-02 20:30:53] $main.pos
INFO [2024-01-02 20:30:53] c(0.5, 0.8)
INFO [2024-01-02 20:30:53] 
INFO [2024-01-02 20:30:53] $main.just
INFO [2024-01-02 20:30:53] c(0.5, 1)
INFO [2024-01-02 20:30:53] 
INFO [2024-01-02 20:30:53] $main.cex
INFO [2024-01-02 20:30:53] [1] 1.5
INFO [2024-01-02 20:30:53] 
INFO [2024-01-02 20:30:53] $fill
INFO [2024-01-02 20:30:53] c("slateblue", "darkred")
INFO [2024-01-02 20:30:53] 
INFO [2024-01-02 20:30:53] $cat.cex
INFO [2024-01-02 20:30:53] c(1.5)
INFO [2024-01-02 20:30:53] 
INFO [2024-01-02 20:30:53] $main.fontface
INFO [2024-01-02 20:30:53] [1] "bold"
INFO [2024-01-02 20:30:53] 
INFO [2024-01-02 20:30:53] $alpha
INFO [2024-01-02 20:30:53] c(0.5, 0.5)
INFO [2024-01-02 20:30:53] 
INFO [2024-01-02 20:30:53] $margin
INFO [2024-01-02 20:30:53] [1] 0.2
INFO [2024-01-02 20:30:53] 
INFO [2024-01-02 20:30:53] $cat.pos
INFO [2024-01-02 20:30:53] c(315, 45)
INFO [2024-01-02 20:30:53] 
INFO [2024-01-02 20:30:53] $cat.dist
INFO [2024-01-02 20:30:53] c(0.03, 0.03)
INFO [2024-01-02 20:30:53] 
INFO [2024-01-02 20:30:53] $output
INFO [2024-01-02 20:30:53] [1] TRUE
INFO [2024-01-02 20:30:53] 
INFO [2024-01-02 20:30:53] $height
INFO [2024-01-02 20:30:53] [1] 2500
INFO [2024-01-02 20:30:53] 
INFO [2024-01-02 20:30:53] $width
INFO [2024-01-02 20:30:53] [1] 2500
INFO [2024-01-02 20:30:53] 
INFO [2024-01-02 20:30:53] $scaled
INFO [2024-01-02 20:30:53] [1] TRUE
INFO [2024-01-02 20:30:53] 
INFO [2024-01-02 20:30:53] $lwd
INFO [2024-01-02 20:30:53] [1] 4
INFO [2024-01-02 20:30:53] 
