INFO [2024-01-02 20:24:39] [[1]]
INFO [2024-01-02 20:24:39] all.aenm.active
INFO [2024-01-02 20:24:39] 
INFO [2024-01-02 20:24:39] [[2]]
INFO [2024-01-02 20:24:39] [1] "figures/Fig2C_overlap_all_MEA_aenm_active.png"
INFO [2024-01-02 20:24:39] 
INFO [2024-01-02 20:24:39] $main
INFO [2024-01-02 20:24:39] [1] "Overlap of MFR active in acute and dev (MC + SC)"
INFO [2024-01-02 20:24:39] 
INFO [2024-01-02 20:24:39] $main.pos
INFO [2024-01-02 20:24:39] c(0.5, 0.8)
INFO [2024-01-02 20:24:39] 
INFO [2024-01-02 20:24:39] $main.just
INFO [2024-01-02 20:24:39] c(0.5, 1)
INFO [2024-01-02 20:24:39] 
INFO [2024-01-02 20:24:39] $main.cex
INFO [2024-01-02 20:24:39] [1] 1.5
INFO [2024-01-02 20:24:39] 
INFO [2024-01-02 20:24:39] $fill
INFO [2024-01-02 20:24:39] c("slateblue", "darkred")
INFO [2024-01-02 20:24:39] 
INFO [2024-01-02 20:24:39] $cat.cex
INFO [2024-01-02 20:24:39] c(1.5)
INFO [2024-01-02 20:24:39] 
INFO [2024-01-02 20:24:39] $main.fontface
INFO [2024-01-02 20:24:39] [1] "bold"
INFO [2024-01-02 20:24:39] 
INFO [2024-01-02 20:24:39] $alpha
INFO [2024-01-02 20:24:39] c(0.5, 0.5)
INFO [2024-01-02 20:24:39] 
INFO [2024-01-02 20:24:39] $margin
INFO [2024-01-02 20:24:39] [1] 0.2
INFO [2024-01-02 20:24:39] 
INFO [2024-01-02 20:24:39] $cat.pos
INFO [2024-01-02 20:24:39] c(315, 45)
INFO [2024-01-02 20:24:39] 
INFO [2024-01-02 20:24:39] $cat.dist
INFO [2024-01-02 20:24:39] c(0.03, 0.03)
INFO [2024-01-02 20:24:39] 
INFO [2024-01-02 20:24:39] $output
INFO [2024-01-02 20:24:39] [1] TRUE
INFO [2024-01-02 20:24:39] 
INFO [2024-01-02 20:24:39] $height
INFO [2024-01-02 20:24:39] [1] 2500
INFO [2024-01-02 20:24:39] 
INFO [2024-01-02 20:24:39] $width
INFO [2024-01-02 20:24:39] [1] 2500
INFO [2024-01-02 20:24:39] 
INFO [2024-01-02 20:24:39] $scaled
INFO [2024-01-02 20:24:39] [1] TRUE
INFO [2024-01-02 20:24:39] 
INFO [2024-01-02 20:24:39] $lwd
INFO [2024-01-02 20:24:39] [1] 4
INFO [2024-01-02 20:24:39] 
