INFO [2024-01-02 20:22:18] [[1]]
INFO [2024-01-02 20:22:18] mfr.active
INFO [2024-01-02 20:22:18] 
INFO [2024-01-02 20:22:18] [[2]]
INFO [2024-01-02 20:22:18] [1] "figures/Fig2B_Overlap_MFR_sel_active.png"
INFO [2024-01-02 20:22:18] 
INFO [2024-01-02 20:22:18] $main
INFO [2024-01-02 20:22:18] [1] "Overlap of MFR active in acute and dev (MC + SC)"
INFO [2024-01-02 20:22:18] 
INFO [2024-01-02 20:22:18] $main.pos
INFO [2024-01-02 20:22:18] c(0.5, 0.8)
INFO [2024-01-02 20:22:18] 
INFO [2024-01-02 20:22:18] $main.just
INFO [2024-01-02 20:22:18] c(0.5, 1)
INFO [2024-01-02 20:22:18] 
INFO [2024-01-02 20:22:18] $main.cex
INFO [2024-01-02 20:22:18] [1] 1.5
INFO [2024-01-02 20:22:18] 
INFO [2024-01-02 20:22:18] $fill
INFO [2024-01-02 20:22:18] c("slateblue", "darkred")
INFO [2024-01-02 20:22:18] 
INFO [2024-01-02 20:22:18] $cat.cex
INFO [2024-01-02 20:22:18] c(1.5)
INFO [2024-01-02 20:22:18] 
INFO [2024-01-02 20:22:18] $main.fontface
INFO [2024-01-02 20:22:18] [1] "bold"
INFO [2024-01-02 20:22:18] 
INFO [2024-01-02 20:22:18] $alpha
INFO [2024-01-02 20:22:18] c(0.5, 0.5)
INFO [2024-01-02 20:22:18] 
INFO [2024-01-02 20:22:18] $margin
INFO [2024-01-02 20:22:18] [1] 0.2
INFO [2024-01-02 20:22:18] 
INFO [2024-01-02 20:22:18] $cat.pos
INFO [2024-01-02 20:22:18] c(315, 45)
INFO [2024-01-02 20:22:18] 
INFO [2024-01-02 20:22:18] $cat.dist
INFO [2024-01-02 20:22:18] c(0.03, 0.03)
INFO [2024-01-02 20:22:18] 
INFO [2024-01-02 20:22:18] $output
INFO [2024-01-02 20:22:18] [1] TRUE
INFO [2024-01-02 20:22:18] 
INFO [2024-01-02 20:22:18] $height
INFO [2024-01-02 20:22:18] [1] 2500
INFO [2024-01-02 20:22:18] 
INFO [2024-01-02 20:22:18] $width
INFO [2024-01-02 20:22:18] [1] 2500
INFO [2024-01-02 20:22:18] 
INFO [2024-01-02 20:22:18] $scaled
INFO [2024-01-02 20:22:18] [1] TRUE
INFO [2024-01-02 20:22:18] 
INFO [2024-01-02 20:22:18] $lwd
INFO [2024-01-02 20:22:18] [1] 4
INFO [2024-01-02 20:22:18] 
